{"C:\\Users\\ACER\\Documents\\github\\node-react-workshop\\src\\app.ts": {"path":"C:\\Users\\ACER\\Documents\\github\\node-react-workshop\\src\\app.ts","statementMap":{"0":{"start":{"line":1,"column":0},"end":{"line":1,"column":30}},"1":{"start":{"line":2,"column":0},"end":{"line":2,"column":24}},"2":{"start":{"line":3,"column":0},"end":{"line":3,"column":37}},"3":{"start":{"line":4,"column":0},"end":{"line":4,"column":28}},"4":{"start":{"line":5,"column":0},"end":{"line":5,"column":29}},"5":{"start":{"line":7,"column":12},"end":{"line":7,"column":21}},"6":{"start":{"line":9,"column":0},"end":{"line":9,"column":18}},"7":{"start":{"line":10,"column":0},"end":{"line":10,"column":27}},"8":{"start":{"line":11,"column":0},"end":{"line":11,"column":48}},"9":{"start":{"line":12,"column":0},"end":{"line":12,"column":16}},"10":{"start":{"line":13,"column":0},"end":{"line":13,"column":24}},"11":{"start":{"line":15,"column":0},"end":{"line":15,"column":12}},"12":{"start":{"line":17,"column":0},"end":{"line":17,"column":19}}},"fnMap":{},"branchMap":{},"s":{"0":3,"1":3,"2":3,"3":3,"4":3,"5":3,"6":3,"7":3,"8":3,"9":3,"10":3,"11":3,"12":3},"f":{},"b":{}}
,"C:\\Users\\ACER\\Documents\\github\\node-react-workshop\\src\\error.ts": {"path":"C:\\Users\\ACER\\Documents\\github\\node-react-workshop\\src\\error.ts","statementMap":{"0":{"start":{"line":2,"column":0},"end":{"line":2,"column":53}},"1":{"start":{"line":7,"column":4},"end":{"line":7,"column":12}},"2":{"start":{"line":5,"column":2},"end":{"line":5,"column":17}},"3":{"start":{"line":8,"column":4},"end":{"line":8,"column":33}},"4":{"start":{"line":9,"column":4},"end":{"line":9,"column":27}},"5":{"start":{"line":4,"column":0},"end":{"line":4,"column":13}},"6":{"start":{"line":13,"column":13},"end":{"line":22,"column":2}},"7":{"start":{"line":14,"column":34},"end":{"line":14,"column":37}},"8":{"start":{"line":15,"column":17},"end":{"line":15,"column":38}},"9":{"start":{"line":16,"column":2},"end":{"line":21,"column":5}}},"fnMap":{"0":{"name":"(anonymous_0)","decl":{"start":{"line":6,"column":2},"end":{"line":6,"column":14}},"loc":{"start":{"line":6,"column":49},"end":{"line":10,"column":3}}},"1":{"name":"(anonymous_1)","decl":{"start":{"line":13,"column":27},"end":{"line":13,"column":28}},"loc":{"start":{"line":13,"column":84},"end":{"line":22,"column":1}}}},"branchMap":{"0":{"loc":{"start":{"line":20,"column":32},"end":{"line":20,"column":46}},"type":"cond-expr","locations":[{"start":{"line":20,"column":32},"end":{"line":20,"column":46}},{"start":{"line":20,"column":49},"end":{"line":20,"column":53}}]}},"s":{"0":3,"1":3,"2":3,"3":3,"4":3,"5":3,"6":3,"7":3,"8":3,"9":3},"f":{"0":3,"1":3},"b":{"0":[0,3]}}
,"C:\\Users\\ACER\\Documents\\github\\node-react-workshop\\src\\routes.ts": {"path":"C:\\Users\\ACER\\Documents\\github\\node-react-workshop\\src\\routes.ts","statementMap":{"0":{"start":{"line":2,"column":0},"end":{"line":2,"column":62}},"1":{"start":{"line":3,"column":0},"end":{"line":3,"column":58}},"2":{"start":{"line":4,"column":0},"end":{"line":4,"column":58}},"3":{"start":{"line":5,"column":0},"end":{"line":5,"column":66}},"4":{"start":{"line":7,"column":15},"end":{"line":12,"column":1}},"5":{"start":{"line":8,"column":4},"end":{"line":8,"column":null}},"6":{"start":{"line":9,"column":4},"end":{"line":9,"column":null}},"7":{"start":{"line":10,"column":4},"end":{"line":10,"column":null}},"8":{"start":{"line":11,"column":4},"end":{"line":11,"column":null}},"9":{"start":{"line":14,"column":0},"end":{"line":14,"column":22}}},"fnMap":{"0":{"name":"(anonymous_1)","decl":{"start":{"line":7,"column":15},"end":{"line":7,"column":16}},"loc":{"start":{"line":7,"column":36},"end":{"line":12,"column":1}}}},"branchMap":{},"s":{"0":3,"1":3,"2":3,"3":3,"4":3,"5":3,"6":3,"7":3,"8":3,"9":3},"f":{"0":3},"b":{}}
,"C:\\Users\\ACER\\Documents\\github\\node-react-workshop\\src\\controllers\\auth.controller.ts": {"path":"C:\\Users\\ACER\\Documents\\github\\node-react-workshop\\src\\controllers\\auth.controller.ts","statementMap":{"0":{"start":{"line":1,"column":0},"end":{"line":1,"column":49}},"1":{"start":{"line":2,"column":0},"end":{"line":2,"column":30}},"2":{"start":{"line":3,"column":0},"end":{"line":3,"column":30}},"3":{"start":{"line":4,"column":0},"end":{"line":4,"column":27}},"4":{"start":{"line":5,"column":0},"end":{"line":5,"column":34}},"5":{"start":{"line":6,"column":0},"end":{"line":6,"column":53}},"6":{"start":{"line":7,"column":0},"end":{"line":7,"column":80}},"7":{"start":{"line":8,"column":0},"end":{"line":8,"column":57}},"8":{"start":{"line":10,"column":15},"end":{"line":10,"column":23}},"9":{"start":{"line":12,"column":0},"end":{"line":44,"column":null}},"10":{"start":{"line":12,"column":91},"end":{"line":44,"column":2}},"11":{"start":{"line":13,"column":29},"end":{"line":13,"column":37}},"12":{"start":{"line":15,"column":4},"end":{"line":43,"column":null}},"13":{"start":{"line":16,"column":19},"end":{"line":16,"column":46}},"14":{"start":{"line":17,"column":8},"end":{"line":37,"column":null}},"15":{"start":{"line":18,"column":28},"end":{"line":18,"column":73}},"16":{"start":{"line":20,"column":12},"end":{"line":23,"column":null}},"17":{"start":{"line":21,"column":31},"end":{"line":21,"column":74}},"18":{"start":{"line":22,"column":16},"end":{"line":22,"column":46}},"19":{"start":{"line":24,"column":28},"end":{"line":28,"column":null}},"20":{"start":{"line":29,"column":12},"end":{"line":32,"column":null}},"21":{"start":{"line":30,"column":16},"end":{"line":30,"column":35}},"22":{"start":{"line":30,"column":25},"end":{"line":30,"column":35}},"23":{"start":{"line":31,"column":16},"end":{"line":31,"column":46}},"24":{"start":{"line":35,"column":27},"end":{"line":35,"column":63}},"25":{"start":{"line":36,"column":12},"end":{"line":36,"column":42}},"26":{"start":{"line":40,"column":8},"end":{"line":40,"column":25}},"27":{"start":{"line":41,"column":23},"end":{"line":41,"column":60}},"28":{"start":{"line":42,"column":8},"end":{"line":42,"column":null}},"29":{"start":{"line":46,"column":0},"end":{"line":46,"column":22}}},"fnMap":{"0":{"name":"(anonymous_8)","decl":{"start":{"line":12,"column":57},"end":{"line":12,"column":63}},"loc":{"start":{"line":12,"column":91},"end":{"line":44,"column":2}}},"1":{"name":"(anonymous_9)","decl":{"start":{"line":12,"column":91},"end":{"line":12,"column":null}},"loc":{"start":{"line":12,"column":91},"end":{"line":44,"column":1}}},"2":{"name":"(anonymous_10)","decl":{"start":{"line":29,"column":75},"end":{"line":29,"column":76}},"loc":{"start":{"line":29,"column":89},"end":{"line":32,"column":13}}}},"branchMap":{"0":{"loc":{"start":{"line":17,"column":8},"end":{"line":37,"column":null}},"type":"if","locations":[{"start":{"line":17,"column":8},"end":{"line":37,"column":null}},{"start":{"line":17,"column":8},"end":{"line":37,"column":null}}]},"1":{"loc":{"start":{"line":20,"column":12},"end":{"line":23,"column":null}},"type":"if","locations":[{"start":{"line":20,"column":12},"end":{"line":23,"column":null}},{"start":{"line":20,"column":12},"end":{"line":23,"column":null}}]},"2":{"loc":{"start":{"line":30,"column":16},"end":{"line":30,"column":35}},"type":"if","locations":[{"start":{"line":30,"column":16},"end":{"line":30,"column":35}},{"start":{"line":30,"column":16},"end":{"line":30,"column":35}}]}},"s":{"0":3,"1":3,"2":3,"3":3,"4":3,"5":3,"6":3,"7":3,"8":3,"9":3,"10":4,"11":4,"12":4,"13":4,"14":4,"15":3,"16":3,"17":1,"18":1,"19":3,"20":3,"21":3,"22":0,"23":3,"24":1,"25":1,"26":0,"27":0,"28":0,"29":3},"f":{"0":4,"1":4,"2":3},"b":{"0":[3,1],"1":[1,2],"2":[0,3]}}
,"C:\\Users\\ACER\\Documents\\github\\node-react-workshop\\src\\controllers\\contacts.controller.ts": {"path":"C:\\Users\\ACER\\Documents\\github\\node-react-workshop\\src\\controllers\\contacts.controller.ts","statementMap":{"0":{"start":{"line":1,"column":0},"end":{"line":1,"column":49}},"1":{"start":{"line":2,"column":0},"end":{"line":2,"column":53}},"2":{"start":{"line":3,"column":0},"end":{"line":3,"column":55}},"3":{"start":{"line":4,"column":0},"end":{"line":4,"column":57}},"4":{"start":{"line":5,"column":0},"end":{"line":5,"column":64}},"5":{"start":{"line":6,"column":0},"end":{"line":6,"column":62}},"6":{"start":{"line":8,"column":0},"end":{"line":8,"column":41}},"7":{"start":{"line":10,"column":15},"end":{"line":10,"column":23}},"8":{"start":{"line":12,"column":0},"end":{"line":24,"column":null}},"9":{"start":{"line":12,"column":61},"end":{"line":24,"column":2}},"10":{"start":{"line":13,"column":4},"end":{"line":23,"column":null}},"11":{"start":{"line":14,"column":25},"end":{"line":14,"column":81}},"12":{"start":{"line":15,"column":8},"end":{"line":18,"column":null}},"13":{"start":{"line":20,"column":8},"end":{"line":20,"column":25}},"14":{"start":{"line":21,"column":23},"end":{"line":21,"column":60}},"15":{"start":{"line":22,"column":8},"end":{"line":22,"column":null}},"16":{"start":{"line":26,"column":0},"end":{"line":49,"column":null}},"17":{"start":{"line":26,"column":93},"end":{"line":49,"column":2}},"18":{"start":{"line":27,"column":38},"end":{"line":27,"column":46}},"19":{"start":{"line":28,"column":4},"end":{"line":48,"column":null}},"20":{"start":{"line":29,"column":25},"end":{"line":35,"column":10}},"21":{"start":{"line":37,"column":24},"end":{"line":37,"column":47}},"22":{"start":{"line":39,"column":8},"end":{"line":42,"column":null}},"23":{"start":{"line":45,"column":8},"end":{"line":45,"column":25}},"24":{"start":{"line":46,"column":23},"end":{"line":46,"column":60}},"25":{"start":{"line":47,"column":8},"end":{"line":47,"column":null}},"26":{"start":{"line":51,"column":0},"end":{"line":83,"column":null}},"27":{"start":{"line":51,"column":91},"end":{"line":83,"column":2}},"28":{"start":{"line":52,"column":38},"end":{"line":52,"column":46}},"29":{"start":{"line":54,"column":4},"end":{"line":82,"column":null}},"30":{"start":{"line":55,"column":35},"end":{"line":55,"column":37}},"31":{"start":{"line":56,"column":8},"end":{"line":56,"column":44}},"32":{"start":{"line":56,"column":18},"end":{"line":56,"column":44}},"33":{"start":{"line":57,"column":8},"end":{"line":57,"column":47}},"34":{"start":{"line":57,"column":19},"end":{"line":57,"column":47}},"35":{"start":{"line":58,"column":8},"end":{"line":58,"column":47}},"36":{"start":{"line":58,"column":19},"end":{"line":58,"column":47}},"37":{"start":{"line":59,"column":8},"end":{"line":59,"column":44}},"38":{"start":{"line":59,"column":18},"end":{"line":59,"column":44}},"39":{"start":{"line":61,"column":22},"end":{"line":61,"column":58}},"40":{"start":{"line":62,"column":8},"end":{"line":65,"column":null}},"41":{"start":{"line":63,"column":27},"end":{"line":63,"column":69}},"42":{"start":{"line":64,"column":12},"end":{"line":64,"column":null}},"43":{"start":{"line":67,"column":8},"end":{"line":70,"column":null}},"44":{"start":{"line":68,"column":27},"end":{"line":68,"column":66}},"45":{"start":{"line":69,"column":12},"end":{"line":69,"column":null}},"46":{"start":{"line":72,"column":8},"end":{"line":72,"column":98}},"47":{"start":{"line":74,"column":8},"end":{"line":77,"column":11}},"48":{"start":{"line":79,"column":8},"end":{"line":79,"column":25}},"49":{"start":{"line":80,"column":23},"end":{"line":80,"column":60}},"50":{"start":{"line":81,"column":8},"end":{"line":81,"column":null}},"51":{"start":{"line":85,"column":0},"end":{"line":108,"column":null}},"52":{"start":{"line":85,"column":67},"end":{"line":108,"column":2}},"53":{"start":{"line":86,"column":4},"end":{"line":107,"column":null}},"54":{"start":{"line":87,"column":22},"end":{"line":87,"column":59}},"55":{"start":{"line":88,"column":8},"end":{"line":91,"column":null}},"56":{"start":{"line":89,"column":27},"end":{"line":89,"column":69}},"57":{"start":{"line":90,"column":12},"end":{"line":90,"column":null}},"58":{"start":{"line":92,"column":8},"end":{"line":95,"column":null}},"59":{"start":{"line":93,"column":27},"end":{"line":93,"column":66}},"60":{"start":{"line":94,"column":12},"end":{"line":94,"column":null}},"61":{"start":{"line":97,"column":8},"end":{"line":97,"column":65}},"62":{"start":{"line":98,"column":8},"end":{"line":101,"column":null}},"63":{"start":{"line":104,"column":8},"end":{"line":104,"column":25}},"64":{"start":{"line":105,"column":23},"end":{"line":105,"column":60}},"65":{"start":{"line":106,"column":8},"end":{"line":106,"column":null}},"66":{"start":{"line":111,"column":0},"end":{"line":111,"column":22}}},"fnMap":{"0":{"name":"(anonymous_8)","decl":{"start":{"line":12,"column":27},"end":{"line":12,"column":33}},"loc":{"start":{"line":12,"column":61},"end":{"line":24,"column":2}}},"1":{"name":"(anonymous_9)","decl":{"start":{"line":12,"column":61},"end":{"line":12,"column":null}},"loc":{"start":{"line":12,"column":61},"end":{"line":24,"column":1}}},"2":{"name":"(anonymous_10)","decl":{"start":{"line":26,"column":59},"end":{"line":26,"column":65}},"loc":{"start":{"line":26,"column":93},"end":{"line":49,"column":2}}},"3":{"name":"(anonymous_11)","decl":{"start":{"line":26,"column":93},"end":{"line":26,"column":null}},"loc":{"start":{"line":26,"column":93},"end":{"line":49,"column":1}}},"4":{"name":"(anonymous_12)","decl":{"start":{"line":51,"column":57},"end":{"line":51,"column":63}},"loc":{"start":{"line":51,"column":91},"end":{"line":83,"column":2}}},"5":{"name":"(anonymous_13)","decl":{"start":{"line":51,"column":91},"end":{"line":51,"column":null}},"loc":{"start":{"line":51,"column":91},"end":{"line":83,"column":1}}},"6":{"name":"(anonymous_14)","decl":{"start":{"line":85,"column":33},"end":{"line":85,"column":39}},"loc":{"start":{"line":85,"column":67},"end":{"line":108,"column":2}}},"7":{"name":"(anonymous_15)","decl":{"start":{"line":85,"column":67},"end":{"line":85,"column":null}},"loc":{"start":{"line":85,"column":67},"end":{"line":108,"column":1}}}},"branchMap":{"0":{"loc":{"start":{"line":14,"column":59},"end":{"line":14,"column":61}},"type":"cond-expr","locations":[{"start":{"line":14,"column":59},"end":{"line":14,"column":61}},{"start":{"line":14,"column":59},"end":{"line":14,"column":63}}]},"1":{"loc":{"start":{"line":14,"column":49},"end":{"line":14,"column":61}},"type":"binary-expr","locations":[{"start":{"line":14,"column":49},"end":{"line":14,"column":61}},{"start":{"line":14,"column":59},"end":{"line":14,"column":61}}]},"2":{"loc":{"start":{"line":30,"column":26},"end":{"line":30,"column":28}},"type":"cond-expr","locations":[{"start":{"line":30,"column":26},"end":{"line":30,"column":28}},{"start":{"line":30,"column":26},"end":{"line":30,"column":30}}]},"3":{"loc":{"start":{"line":30,"column":16},"end":{"line":30,"column":28}},"type":"binary-expr","locations":[{"start":{"line":30,"column":16},"end":{"line":30,"column":28}},{"start":{"line":30,"column":26},"end":{"line":30,"column":28}}]},"4":{"loc":{"start":{"line":56,"column":8},"end":{"line":56,"column":44}},"type":"if","locations":[{"start":{"line":56,"column":8},"end":{"line":56,"column":44}},{"start":{"line":56,"column":8},"end":{"line":56,"column":44}}]},"5":{"loc":{"start":{"line":57,"column":8},"end":{"line":57,"column":47}},"type":"if","locations":[{"start":{"line":57,"column":8},"end":{"line":57,"column":47}},{"start":{"line":57,"column":8},"end":{"line":57,"column":47}}]},"6":{"loc":{"start":{"line":58,"column":8},"end":{"line":58,"column":47}},"type":"if","locations":[{"start":{"line":58,"column":8},"end":{"line":58,"column":47}},{"start":{"line":58,"column":8},"end":{"line":58,"column":47}}]},"7":{"loc":{"start":{"line":59,"column":8},"end":{"line":59,"column":44}},"type":"if","locations":[{"start":{"line":59,"column":8},"end":{"line":59,"column":44}},{"start":{"line":59,"column":8},"end":{"line":59,"column":44}}]},"8":{"loc":{"start":{"line":62,"column":8},"end":{"line":65,"column":null}},"type":"if","locations":[{"start":{"line":62,"column":8},"end":{"line":65,"column":null}},{"start":{"line":62,"column":8},"end":{"line":65,"column":null}}]},"9":{"loc":{"start":{"line":67,"column":8},"end":{"line":70,"column":null}},"type":"if","locations":[{"start":{"line":67,"column":8},"end":{"line":70,"column":null}},{"start":{"line":67,"column":8},"end":{"line":70,"column":null}}]},"10":{"loc":{"start":{"line":67,"column":19},"end":{"line":67,"column":21}},"type":"cond-expr","locations":[{"start":{"line":67,"column":19},"end":{"line":67,"column":21}},{"start":{"line":67,"column":12},"end":{"line":67,"column":41}}]},"11":{"loc":{"start":{"line":67,"column":12},"end":{"line":67,"column":21}},"type":"binary-expr","locations":[{"start":{"line":67,"column":12},"end":{"line":67,"column":21}},{"start":{"line":67,"column":12},"end":{"line":67,"column":21}}]},"12":{"loc":{"start":{"line":67,"column":49},"end":{"line":67,"column":51}},"type":"cond-expr","locations":[{"start":{"line":67,"column":49},"end":{"line":67,"column":51}},{"start":{"line":67,"column":49},"end":{"line":67,"column":53}}]},"13":{"loc":{"start":{"line":67,"column":34},"end":{"line":67,"column":51}},"type":"binary-expr","locations":[{"start":{"line":67,"column":34},"end":{"line":67,"column":51}},{"start":{"line":67,"column":49},"end":{"line":67,"column":51}}]},"14":{"loc":{"start":{"line":88,"column":8},"end":{"line":91,"column":null}},"type":"if","locations":[{"start":{"line":88,"column":8},"end":{"line":91,"column":null}},{"start":{"line":88,"column":8},"end":{"line":91,"column":null}}]},"15":{"loc":{"start":{"line":92,"column":8},"end":{"line":95,"column":null}},"type":"if","locations":[{"start":{"line":92,"column":8},"end":{"line":95,"column":null}},{"start":{"line":92,"column":8},"end":{"line":95,"column":null}}]},"16":{"loc":{"start":{"line":92,"column":19},"end":{"line":92,"column":21}},"type":"cond-expr","locations":[{"start":{"line":92,"column":19},"end":{"line":92,"column":21}},{"start":{"line":92,"column":12},"end":{"line":92,"column":41}}]},"17":{"loc":{"start":{"line":92,"column":12},"end":{"line":92,"column":21}},"type":"binary-expr","locations":[{"start":{"line":92,"column":12},"end":{"line":92,"column":21}},{"start":{"line":92,"column":12},"end":{"line":92,"column":21}}]},"18":{"loc":{"start":{"line":92,"column":49},"end":{"line":92,"column":51}},"type":"cond-expr","locations":[{"start":{"line":92,"column":49},"end":{"line":92,"column":51}},{"start":{"line":92,"column":49},"end":{"line":92,"column":53}}]},"19":{"loc":{"start":{"line":92,"column":34},"end":{"line":92,"column":51}},"type":"binary-expr","locations":[{"start":{"line":92,"column":34},"end":{"line":92,"column":51}},{"start":{"line":92,"column":49},"end":{"line":92,"column":51}}]}},"s":{"0":3,"1":3,"2":3,"3":3,"4":3,"5":3,"6":3,"7":3,"8":3,"9":1,"10":1,"11":1,"12":1,"13":0,"14":0,"15":0,"16":3,"17":1,"18":1,"19":1,"20":1,"21":1,"22":1,"23":0,"24":0,"25":0,"26":3,"27":1,"28":1,"29":1,"30":1,"31":1,"32":1,"33":1,"34":0,"35":1,"36":0,"37":1,"38":0,"39":1,"40":1,"41":0,"42":0,"43":1,"44":0,"45":0,"46":1,"47":1,"48":0,"49":0,"50":0,"51":3,"52":1,"53":1,"54":1,"55":1,"56":0,"57":0,"58":1,"59":0,"60":0,"61":1,"62":1,"63":0,"64":0,"65":0,"66":3},"f":{"0":1,"1":1,"2":1,"3":1,"4":1,"5":1,"6":1,"7":1},"b":{"0":[0,1],"1":[1,1],"2":[0,1],"3":[1,1],"4":[1,0],"5":[0,1],"6":[0,1],"7":[0,1],"8":[0,1],"9":[0,1],"10":[0,1],"11":[1,1],"12":[0,1],"13":[1,1],"14":[0,1],"15":[0,1],"16":[0,1],"17":[1,1],"18":[0,1],"19":[1,1]}}
,"C:\\Users\\ACER\\Documents\\github\\node-react-workshop\\src\\controllers\\health.controller.ts": {"path":"C:\\Users\\ACER\\Documents\\github\\node-react-workshop\\src\\controllers\\health.controller.ts","statementMap":{"0":{"start":{"line":1,"column":0},"end":{"line":1,"column":50}},"1":{"start":{"line":2,"column":0},"end":{"line":2,"column":28}},"2":{"start":{"line":4,"column":13},"end":{"line":4,"column":31}},"3":{"start":{"line":6,"column":15},"end":{"line":6,"column":31}},"4":{"start":{"line":8,"column":0},"end":{"line":14,"column":3}},"5":{"start":{"line":9,"column":4},"end":{"line":13,"column":7}},"6":{"start":{"line":17,"column":0},"end":{"line":17,"column":22}}},"fnMap":{"0":{"name":"(anonymous_1)","decl":{"start":{"line":8,"column":16},"end":{"line":8,"column":17}},"loc":{"start":{"line":8,"column":48},"end":{"line":14,"column":1}}}},"branchMap":{},"s":{"0":3,"1":3,"2":3,"3":3,"4":3,"5":1,"6":3},"f":{"0":1},"b":{}}
,"C:\\Users\\ACER\\Documents\\github\\node-react-workshop\\src\\controllers\\user.controller.ts": {"path":"C:\\Users\\ACER\\Documents\\github\\node-react-workshop\\src\\controllers\\user.controller.ts","statementMap":{"0":{"start":{"line":2,"column":0},"end":{"line":2,"column":52}},"1":{"start":{"line":3,"column":0},"end":{"line":3,"column":30}},"2":{"start":{"line":4,"column":0},"end":{"line":4,"column":31}},"3":{"start":{"line":5,"column":0},"end":{"line":5,"column":28}},"4":{"start":{"line":6,"column":0},"end":{"line":6,"column":34}},"5":{"start":{"line":7,"column":0},"end":{"line":7,"column":53}},"6":{"start":{"line":8,"column":0},"end":{"line":8,"column":80}},"7":{"start":{"line":9,"column":0},"end":{"line":9,"column":57}},"8":{"start":{"line":11,"column":15},"end":{"line":11,"column":23}},"9":{"start":{"line":13,"column":0},"end":{"line":53,"column":null}},"10":{"start":{"line":13,"column":94},"end":{"line":53,"column":2}},"11":{"start":{"line":14,"column":38},"end":{"line":14,"column":46}},"12":{"start":{"line":16,"column":4},"end":{"line":52,"column":null}},"13":{"start":{"line":17,"column":19},"end":{"line":17,"column":48}},"14":{"start":{"line":18,"column":8},"end":{"line":21,"column":null}},"15":{"start":{"line":19,"column":27},"end":{"line":19,"column":70}},"16":{"start":{"line":20,"column":12},"end":{"line":20,"column":42}},"17":{"start":{"line":23,"column":8},"end":{"line":27,"column":11}},"18":{"start":{"line":29,"column":21},"end":{"line":29,"column":45}},"19":{"start":{"line":30,"column":8},"end":{"line":30,"column":58}},"20":{"start":{"line":32,"column":8},"end":{"line":32,"column":26}},"21":{"start":{"line":34,"column":24},"end":{"line":38,"column":null}},"22":{"start":{"line":40,"column":8},"end":{"line":46,"column":11}},"23":{"start":{"line":41,"column":12},"end":{"line":41,"column":31}},"24":{"start":{"line":41,"column":21},"end":{"line":41,"column":31}},"25":{"start":{"line":42,"column":12},"end":{"line":45,"column":null}},"26":{"start":{"line":49,"column":8},"end":{"line":49,"column":25}},"27":{"start":{"line":50,"column":23},"end":{"line":50,"column":60}},"28":{"start":{"line":51,"column":8},"end":{"line":51,"column":null}},"29":{"start":{"line":55,"column":0},"end":{"line":55,"column":22}}},"fnMap":{"0":{"name":"(anonymous_8)","decl":{"start":{"line":13,"column":56},"end":{"line":13,"column":63}},"loc":{"start":{"line":13,"column":94},"end":{"line":53,"column":2}}},"1":{"name":"(anonymous_9)","decl":{"start":{"line":13,"column":94},"end":{"line":13,"column":null}},"loc":{"start":{"line":13,"column":94},"end":{"line":53,"column":1}}},"2":{"name":"(anonymous_10)","decl":{"start":{"line":40,"column":73},"end":{"line":40,"column":74}},"loc":{"start":{"line":40,"column":88},"end":{"line":46,"column":9}}}},"branchMap":{"0":{"loc":{"start":{"line":18,"column":8},"end":{"line":21,"column":null}},"type":"if","locations":[{"start":{"line":18,"column":8},"end":{"line":21,"column":null}},{"start":{"line":18,"column":8},"end":{"line":21,"column":null}}]},"1":{"loc":{"start":{"line":41,"column":12},"end":{"line":41,"column":31}},"type":"if","locations":[{"start":{"line":41,"column":12},"end":{"line":41,"column":31}},{"start":{"line":41,"column":12},"end":{"line":41,"column":31}}]}},"s":{"0":3,"1":3,"2":3,"3":3,"4":3,"5":3,"6":3,"7":3,"8":3,"9":3,"10":2,"11":2,"12":2,"13":2,"14":2,"15":0,"16":0,"17":2,"18":2,"19":2,"20":2,"21":2,"22":2,"23":2,"24":0,"25":2,"26":0,"27":0,"28":0,"29":3},"f":{"0":2,"1":2,"2":2},"b":{"0":[0,2],"1":[0,2]}}
,"C:\\Users\\ACER\\Documents\\github\\node-react-workshop\\src\\middlewares\\validator.ts": {"path":"C:\\Users\\ACER\\Documents\\github\\node-react-workshop\\src\\middlewares\\validator.ts","statementMap":{"0":{"start":{"line":2,"column":0},"end":{"line":2,"column":53}},"1":{"start":{"line":3,"column":0},"end":{"line":3,"column":53}},"2":{"start":{"line":5,"column":26},"end":{"line":12,"column":1}},"3":{"start":{"line":6,"column":19},"end":{"line":6,"column":40}},"4":{"start":{"line":7,"column":4},"end":{"line":9,"column":null}},"5":{"start":{"line":8,"column":8},"end":{"line":8,"column":22}},"6":{"start":{"line":10,"column":16},"end":{"line":10,"column":53}},"7":{"start":{"line":11,"column":4},"end":{"line":11,"column":31}},"8":{"start":{"line":14,"column":0},"end":{"line":14,"column":33}}},"fnMap":{"0":{"name":"(anonymous_0)","decl":{"start":{"line":5,"column":26},"end":{"line":5,"column":27}},"loc":{"start":{"line":5,"column":84},"end":{"line":12,"column":1}}}},"branchMap":{"0":{"loc":{"start":{"line":7,"column":4},"end":{"line":9,"column":null}},"type":"if","locations":[{"start":{"line":7,"column":4},"end":{"line":9,"column":null}},{"start":{"line":7,"column":4},"end":{"line":9,"column":null}}]}},"s":{"0":3,"1":3,"2":3,"3":8,"4":8,"5":8,"6":0,"7":0,"8":3},"f":{"0":8},"b":{"0":[8,0]}}
,"C:\\Users\\ACER\\Documents\\github\\node-react-workshop\\src\\middlewares\\auth\\auth.midd.ts": {"path":"C:\\Users\\ACER\\Documents\\github\\node-react-workshop\\src\\middlewares\\auth\\auth.midd.ts","statementMap":{"0":{"start":{"line":2,"column":0},"end":{"line":2,"column":58}},"1":{"start":{"line":3,"column":0},"end":{"line":3,"column":31}},"2":{"start":{"line":4,"column":0},"end":{"line":4,"column":28}},"3":{"start":{"line":7,"column":19},"end":{"line":24,"column":1}},"4":{"start":{"line":8,"column":18},"end":{"line":8,"column":44}},"5":{"start":{"line":10,"column":4},"end":{"line":14,"column":null}},"6":{"start":{"line":11,"column":23},"end":{"line":11,"column":78}},"7":{"start":{"line":12,"column":8},"end":{"line":12,"column":36}},"8":{"start":{"line":13,"column":8},"end":{"line":13,"column":15}},"9":{"start":{"line":15,"column":4},"end":{"line":23,"column":null}},"10":{"start":{"line":16,"column":29},"end":{"line":16,"column":72}},"11":{"start":{"line":17,"column":8},"end":{"line":17,"column":32}},"12":{"start":{"line":18,"column":8},"end":{"line":18,"column":15}},"13":{"start":{"line":20,"column":23},"end":{"line":20,"column":66}},"14":{"start":{"line":21,"column":8},"end":{"line":21,"column":36}},"15":{"start":{"line":22,"column":8},"end":{"line":22,"column":15}},"16":{"start":{"line":26,"column":0},"end":{"line":26,"column":26}}},"fnMap":{"0":{"name":"(anonymous_1)","decl":{"start":{"line":7,"column":19},"end":{"line":7,"column":20}},"loc":{"start":{"line":7,"column":71},"end":{"line":24,"column":1}}}},"branchMap":{"0":{"loc":{"start":{"line":10,"column":4},"end":{"line":14,"column":null}},"type":"if","locations":[{"start":{"line":10,"column":4},"end":{"line":14,"column":null}},{"start":{"line":10,"column":4},"end":{"line":14,"column":null}}]}},"s":{"0":3,"1":3,"2":3,"3":3,"4":5,"5":5,"6":1,"7":1,"8":1,"9":4,"10":4,"11":4,"12":4,"13":0,"14":0,"15":0,"16":3},"f":{"0":5},"b":{"0":[1,4]}}
,"C:\\Users\\ACER\\Documents\\github\\node-react-workshop\\src\\middlewares\\validators\\auth\\auth.validator.ts": {"path":"C:\\Users\\ACER\\Documents\\github\\node-react-workshop\\src\\middlewares\\validators\\auth\\auth.validator.ts","statementMap":{"0":{"start":{"line":1,"column":0},"end":{"line":1,"column":38}},"1":{"start":{"line":3,"column":20},"end":{"line":7,"column":2}},"2":{"start":{"line":9,"column":0},"end":{"line":9,"column":27}}},"fnMap":{},"branchMap":{},"s":{"0":3,"1":3,"2":3},"f":{},"b":{}}
,"C:\\Users\\ACER\\Documents\\github\\node-react-workshop\\src\\middlewares\\validators\\contact\\post.ts": {"path":"C:\\Users\\ACER\\Documents\\github\\node-react-workshop\\src\\middlewares\\validators\\contact\\post.ts","statementMap":{"0":{"start":{"line":1,"column":0},"end":{"line":1,"column":38}},"1":{"start":{"line":3,"column":20},"end":{"line":8,"column":2}},"2":{"start":{"line":10,"column":0},"end":{"line":10,"column":27}}},"fnMap":{},"branchMap":{},"s":{"0":3,"1":3,"2":3},"f":{},"b":{}}
,"C:\\Users\\ACER\\Documents\\github\\node-react-workshop\\src\\middlewares\\validators\\contact\\put.ts": {"path":"C:\\Users\\ACER\\Documents\\github\\node-react-workshop\\src\\middlewares\\validators\\contact\\put.ts","statementMap":{"0":{"start":{"line":1,"column":0},"end":{"line":1,"column":39}},"1":{"start":{"line":3,"column":20},"end":{"line":5,"column":2}},"2":{"start":{"line":7,"column":0},"end":{"line":7,"column":27}}},"fnMap":{},"branchMap":{},"s":{"0":3,"1":3,"2":3},"f":{},"b":{}}
,"C:\\Users\\ACER\\Documents\\github\\node-react-workshop\\src\\middlewares\\validators\\user\\user.validator.ts": {"path":"C:\\Users\\ACER\\Documents\\github\\node-react-workshop\\src\\middlewares\\validators\\user\\user.validator.ts","statementMap":{"0":{"start":{"line":1,"column":0},"end":{"line":1,"column":38}},"1":{"start":{"line":3,"column":20},"end":{"line":9,"column":2}},"2":{"start":{"line":11,"column":0},"end":{"line":11,"column":27}}},"fnMap":{},"branchMap":{},"s":{"0":3,"1":3,"2":3},"f":{},"b":{}}
,"C:\\Users\\ACER\\Documents\\github\\node-react-workshop\\src\\models\\contacts.ts": {"path":"C:\\Users\\ACER\\Documents\\github\\node-react-workshop\\src\\models\\contacts.ts","statementMap":{"0":{"start":{"line":1,"column":0},"end":{"line":1,"column":50}},"1":{"start":{"line":3,"column":22},"end":{"line":27,"column":2}},"2":{"start":{"line":38,"column":0},"end":{"line":38,"column":63}}},"fnMap":{},"branchMap":{},"s":{"0":3,"1":3,"2":3},"f":{},"b":{}}
,"C:\\Users\\ACER\\Documents\\github\\node-react-workshop\\src\\models\\user.ts": {"path":"C:\\Users\\ACER\\Documents\\github\\node-react-workshop\\src\\models\\user.ts","statementMap":{"0":{"start":{"line":1,"column":0},"end":{"line":1,"column":50}},"1":{"start":{"line":3,"column":19},"end":{"line":21,"column":2}},"2":{"start":{"line":30,"column":0},"end":{"line":30,"column":54}}},"fnMap":{},"branchMap":{},"s":{"0":3,"1":3,"2":3},"f":{},"b":{}}
}
