TN:
SF:src\app.ts
FNF:0
FNH:0
DA:1,3
DA:2,3
DA:3,3
DA:4,3
DA:5,3
DA:7,3
DA:9,3
DA:10,3
DA:11,3
DA:12,3
DA:13,3
DA:15,3
DA:17,3
LF:13
LH:13
BRF:0
BRH:0
end_of_record
TN:
SF:src\error.ts
FN:6,(anonymous_0)
FN:13,(anonymous_1)
FNF:2
FNH:2
FNDA:3,(anonymous_0)
FNDA:3,(anonymous_1)
DA:2,3
DA:4,3
DA:5,3
DA:7,3
DA:8,3
DA:9,3
DA:13,3
DA:14,3
DA:15,3
DA:16,3
LF:10
LH:10
BRDA:20,0,0,0
BRDA:20,0,1,3
BRF:2
BRH:1
end_of_record
TN:
SF:src\routes.ts
FN:7,(anonymous_1)
FNF:1
FNH:1
FNDA:3,(anonymous_1)
DA:2,3
DA:3,3
DA:4,3
DA:5,3
DA:7,3
DA:8,3
DA:9,3
DA:10,3
DA:11,3
DA:14,3
LF:10
LH:10
BRF:0
BRH:0
end_of_record
TN:
SF:src\controllers\auth.controller.ts
FN:12,(anonymous_8)
FN:12,(anonymous_9)
FN:29,(anonymous_10)
FNF:3
FNH:3
FNDA:4,(anonymous_8)
FNDA:4,(anonymous_9)
FNDA:3,(anonymous_10)
DA:1,3
DA:2,3
DA:3,3
DA:4,3
DA:5,3
DA:6,3
DA:7,3
DA:8,3
DA:10,3
DA:12,4
DA:13,4
DA:15,4
DA:16,4
DA:17,4
DA:18,3
DA:20,3
DA:21,1
DA:22,1
DA:24,3
DA:29,3
DA:30,3
DA:31,3
DA:35,1
DA:36,1
DA:40,0
DA:41,0
DA:42,0
DA:46,3
LF:28
LH:25
BRDA:17,0,0,3
BRDA:17,0,1,1
BRDA:20,1,0,1
BRDA:20,1,1,2
BRDA:30,2,0,0
BRDA:30,2,1,3
BRF:6
BRH:5
end_of_record
TN:
SF:src\controllers\contacts.controller.ts
FN:12,(anonymous_8)
FN:12,(anonymous_9)
FN:26,(anonymous_10)
FN:26,(anonymous_11)
FN:51,(anonymous_12)
FN:51,(anonymous_13)
FN:85,(anonymous_14)
FN:85,(anonymous_15)
FNF:8
FNH:8
FNDA:1,(anonymous_8)
FNDA:1,(anonymous_9)
FNDA:1,(anonymous_10)
FNDA:1,(anonymous_11)
FNDA:1,(anonymous_12)
FNDA:1,(anonymous_13)
FNDA:1,(anonymous_14)
FNDA:1,(anonymous_15)
DA:1,3
DA:2,3
DA:3,3
DA:4,3
DA:5,3
DA:6,3
DA:8,3
DA:10,3
DA:12,3
DA:13,1
DA:14,1
DA:15,1
DA:20,0
DA:21,0
DA:22,0
DA:26,3
DA:27,1
DA:28,1
DA:29,1
DA:37,1
DA:39,1
DA:45,0
DA:46,0
DA:47,0
DA:51,3
DA:52,1
DA:54,1
DA:55,1
DA:56,1
DA:57,1
DA:58,1
DA:59,1
DA:61,1
DA:62,1
DA:63,0
DA:64,0
DA:67,1
DA:68,0
DA:69,0
DA:72,1
DA:74,1
DA:79,0
DA:80,0
DA:81,0
DA:85,3
DA:86,1
DA:87,1
DA:88,1
DA:89,0
DA:90,0
DA:92,1
DA:93,0
DA:94,0
DA:97,1
DA:98,1
DA:104,0
DA:105,0
DA:106,0
DA:111,3
LF:59
LH:39
BRDA:14,0,0,0
BRDA:14,0,1,1
BRDA:14,1,0,1
BRDA:14,1,1,1
BRDA:30,2,0,0
BRDA:30,2,1,1
BRDA:30,3,0,1
BRDA:30,3,1,1
BRDA:56,4,0,1
BRDA:56,4,1,0
BRDA:57,5,0,0
BRDA:57,5,1,1
BRDA:58,6,0,0
BRDA:58,6,1,1
BRDA:59,7,0,0
BRDA:59,7,1,1
BRDA:62,8,0,0
BRDA:62,8,1,1
BRDA:67,9,0,0
BRDA:67,9,1,1
BRDA:67,10,0,0
BRDA:67,10,1,1
BRDA:67,11,0,1
BRDA:67,11,1,1
BRDA:67,12,0,0
BRDA:67,12,1,1
BRDA:67,13,0,1
BRDA:67,13,1,1
BRDA:88,14,0,0
BRDA:88,14,1,1
BRDA:92,15,0,0
BRDA:92,15,1,1
BRDA:92,16,0,0
BRDA:92,16,1,1
BRDA:92,17,0,1
BRDA:92,17,1,1
BRDA:92,18,0,0
BRDA:92,18,1,1
BRDA:92,19,0,1
BRDA:92,19,1,1
BRF:40
BRH:26
end_of_record
TN:
SF:src\controllers\health.controller.ts
FN:8,(anonymous_1)
FNF:1
FNH:1
FNDA:1,(anonymous_1)
DA:1,3
DA:2,3
DA:4,3
DA:6,3
DA:8,3
DA:9,1
DA:17,3
LF:7
LH:7
BRF:0
BRH:0
end_of_record
TN:
SF:src\controllers\user.controller.ts
FN:13,(anonymous_8)
FN:13,(anonymous_9)
FN:40,(anonymous_10)
FNF:3
FNH:3
FNDA:2,(anonymous_8)
FNDA:2,(anonymous_9)
FNDA:2,(anonymous_10)
DA:2,3
DA:3,3
DA:4,3
DA:5,3
DA:6,3
DA:7,3
DA:8,3
DA:9,3
DA:11,3
DA:13,3
DA:14,2
DA:16,2
DA:17,2
DA:18,2
DA:19,0
DA:20,0
DA:23,2
DA:29,2
DA:30,2
DA:32,2
DA:34,2
DA:40,2
DA:41,2
DA:42,2
DA:49,0
DA:50,0
DA:51,0
DA:55,3
LF:28
LH:23
BRDA:18,0,0,0
BRDA:18,0,1,2
BRDA:41,1,0,0
BRDA:41,1,1,2
BRF:4
BRH:2
end_of_record
TN:
SF:src\middlewares\validator.ts
FN:5,(anonymous_0)
FNF:1
FNH:1
FNDA:8,(anonymous_0)
DA:2,3
DA:3,3
DA:5,3
DA:6,8
DA:7,8
DA:8,8
DA:10,0
DA:11,0
DA:14,3
LF:9
LH:7
BRDA:7,0,0,8
BRDA:7,0,1,0
BRF:2
BRH:1
end_of_record
TN:
SF:src\middlewares\auth\auth.midd.ts
FN:7,(anonymous_1)
FNF:1
FNH:1
FNDA:5,(anonymous_1)
DA:2,3
DA:3,3
DA:4,3
DA:7,3
DA:8,5
DA:10,5
DA:11,1
DA:12,1
DA:13,1
DA:15,4
DA:16,4
DA:17,4
DA:18,4
DA:20,0
DA:21,0
DA:22,0
DA:26,3
LF:17
LH:14
BRDA:10,0,0,1
BRDA:10,0,1,4
BRF:2
BRH:2
end_of_record
TN:
SF:src\middlewares\validators\auth\auth.validator.ts
FNF:0
FNH:0
DA:1,3
DA:3,3
DA:9,3
LF:3
LH:3
BRF:0
BRH:0
end_of_record
TN:
SF:src\middlewares\validators\contact\post.ts
FNF:0
FNH:0
DA:1,3
DA:3,3
DA:10,3
LF:3
LH:3
BRF:0
BRH:0
end_of_record
TN:
SF:src\middlewares\validators\contact\put.ts
FNF:0
FNH:0
DA:1,3
DA:3,3
DA:7,3
LF:3
LH:3
BRF:0
BRH:0
end_of_record
TN:
SF:src\middlewares\validators\user\user.validator.ts
FNF:0
FNH:0
DA:1,3
DA:3,3
DA:11,3
LF:3
LH:3
BRF:0
BRH:0
end_of_record
TN:
SF:src\models\contacts.ts
FNF:0
FNH:0
DA:1,3
DA:3,3
DA:38,3
LF:3
LH:3
BRF:0
BRH:0
end_of_record
TN:
SF:src\models\user.ts
FNF:0
FNH:0
DA:1,3
DA:3,3
DA:30,3
LF:3
LH:3
BRF:0
BRH:0
end_of_record
